<?xml version="1.0" encoding="UTF-8"?>
<testsuite name="com.example.hometraing.HometraingApplicationTests" tests="1" skipped="0" failures="0" errors="0" timestamp="2022-10-24T09:59:08" hostname="DESKTOP-UGECPMR" time="0.291">
  <properties/>
  <testcase name="contextLoads()" classname="com.example.hometraing.HometraingApplicationTests" time="0.291"/>
  <system-out><![CDATA[18:58:44.753 [Test worker] DEBUG org.springframework.test.context.BootstrapUtils - Instantiating CacheAwareContextLoaderDelegate from class [org.springframework.test.context.cache.DefaultCacheAwareContextLoaderDelegate]
18:58:44.828 [Test worker] DEBUG org.springframework.test.context.BootstrapUtils - Instantiating BootstrapContext using constructor [public org.springframework.test.context.support.DefaultBootstrapContext(java.lang.Class,org.springframework.test.context.CacheAwareContextLoaderDelegate)]
18:58:44.972 [Test worker] DEBUG org.springframework.test.context.BootstrapUtils - Instantiating TestContextBootstrapper for test class [com.example.hometraing.HometraingApplicationTests] from class [org.springframework.boot.test.context.SpringBootTestContextBootstrapper]
18:58:45.029 [Test worker] INFO org.springframework.boot.test.context.SpringBootTestContextBootstrapper - Neither @ContextConfiguration nor @ContextHierarchy found for test class [com.example.hometraing.HometraingApplicationTests], using SpringBootContextLoader
18:58:45.040 [Test worker] DEBUG org.springframework.test.context.support.AbstractContextLoader - Did not detect default resource location for test class [com.example.hometraing.HometraingApplicationTests]: class path resource [com/example/hometraing/HometraingApplicationTests-context.xml] does not exist
18:58:45.041 [Test worker] DEBUG org.springframework.test.context.support.AbstractContextLoader - Did not detect default resource location for test class [com.example.hometraing.HometraingApplicationTests]: class path resource [com/example/hometraing/HometraingApplicationTestsContext.groovy] does not exist
18:58:45.041 [Test worker] INFO org.springframework.test.context.support.AbstractContextLoader - Could not detect default resource locations for test class [com.example.hometraing.HometraingApplicationTests]: no resource found for suffixes {-context.xml, Context.groovy}.
18:58:45.044 [Test worker] INFO org.springframework.test.context.support.AnnotationConfigContextLoaderUtils - Could not detect default configuration classes for test class [com.example.hometraing.HometraingApplicationTests]: HometraingApplicationTests does not declare any static, non-private, non-final, nested classes annotated with @Configuration.
18:58:45.303 [Test worker] DEBUG org.springframework.test.context.support.ActiveProfilesUtils - Could not find an 'annotation declaring class' for annotation type [org.springframework.test.context.ActiveProfiles] and class [com.example.hometraing.HometraingApplicationTests]
18:58:45.777 [Test worker] DEBUG org.springframework.context.annotation.ClassPathScanningCandidateComponentProvider - Identified candidate component class: file [C:\Users\dddd\Desktop\tess\HomeTraining\build\classes\java\main\com\example\hometraing\HometraingApplication.class]
18:58:45.780 [Test worker] INFO org.springframework.boot.test.context.SpringBootTestContextBootstrapper - Found @SpringBootConfiguration com.example.hometraing.HometraingApplication for test class com.example.hometraing.HometraingApplicationTests
18:58:46.256 [Test worker] DEBUG org.springframework.boot.test.context.SpringBootTestContextBootstrapper - @TestExecutionListeners is not present for class [com.example.hometraing.HometraingApplicationTests]: using defaults.
18:58:46.258 [Test worker] INFO org.springframework.boot.test.context.SpringBootTestContextBootstrapper - Loaded default TestExecutionListener class names from location [META-INF/spring.factories]: [org.springframework.boot.test.autoconfigure.restdocs.RestDocsTestExecutionListener, org.springframework.boot.test.autoconfigure.web.client.MockRestServiceServerResetTestExecutionListener, org.springframework.boot.test.autoconfigure.web.servlet.MockMvcPrintOnlyOnFailureTestExecutionListener, org.springframework.boot.test.autoconfigure.web.servlet.WebDriverTestExecutionListener, org.springframework.boot.test.autoconfigure.webservices.client.MockWebServiceServerTestExecutionListener, org.springframework.boot.test.mock.mockito.MockitoTestExecutionListener, org.springframework.boot.test.mock.mockito.ResetMocksTestExecutionListener, org.springframework.test.context.web.ServletTestExecutionListener, org.springframework.test.context.support.DirtiesContextBeforeModesTestExecutionListener, org.springframework.test.context.event.ApplicationEventsTestExecutionListener, org.springframework.test.context.support.DependencyInjectionTestExecutionListener, org.springframework.test.context.support.DirtiesContextTestExecutionListener, org.springframework.test.context.transaction.TransactionalTestExecutionListener, org.springframework.test.context.jdbc.SqlScriptsTestExecutionListener, org.springframework.test.context.event.EventPublishingTestExecutionListener]
18:58:46.335 [Test worker] INFO org.springframework.boot.test.context.SpringBootTestContextBootstrapper - Using TestExecutionListeners: [org.springframework.test.context.web.ServletTestExecutionListener@323e8306, org.springframework.test.context.support.DirtiesContextBeforeModesTestExecutionListener@a23a01d, org.springframework.test.context.event.ApplicationEventsTestExecutionListener@4acf72b6, org.springframework.boot.test.mock.mockito.MockitoTestExecutionListener@7561db12, org.springframework.boot.test.autoconfigure.SpringBootDependencyInjectionTestExecutionListener@3301500b, org.springframework.test.context.support.DirtiesContextTestExecutionListener@24b52d3e, org.springframework.test.context.transaction.TransactionalTestExecutionListener@15deb1dc, org.springframework.test.context.jdbc.SqlScriptsTestExecutionListener@6e9c413e, org.springframework.test.context.event.EventPublishingTestExecutionListener@57a4d5ee, org.springframework.boot.test.autoconfigure.restdocs.RestDocsTestExecutionListener@5af5def9, org.springframework.boot.test.autoconfigure.web.client.MockRestServiceServerResetTestExecutionListener@3a45c42a, org.springframework.boot.test.autoconfigure.web.servlet.MockMvcPrintOnlyOnFailureTestExecutionListener@36dce7ed, org.springframework.boot.test.autoconfigure.web.servlet.WebDriverTestExecutionListener@47a64f7d, org.springframework.boot.test.autoconfigure.webservices.client.MockWebServiceServerTestExecutionListener@33d05366, org.springframework.boot.test.mock.mockito.ResetMocksTestExecutionListener@27a0a5a2]
18:58:46.344 [Test worker] DEBUG org.springframework.test.context.support.AbstractDirtiesContextTestExecutionListener - Before test class: context [DefaultTestContext@6b739528 testClass = HometraingApplicationTests, testInstance = [null], testMethod = [null], testException = [null], mergedContextConfiguration = [WebMergedContextConfiguration@622ef26a testClass = HometraingApplicationTests, locations = '{}', classes = '{class com.example.hometraing.HometraingApplication}', contextInitializerClasses = '[]', activeProfiles = '{}', propertySourceLocations = '{}', propertySourceProperties = '{org.springframework.boot.test.context.SpringBootTestContextBootstrapper=true}', contextCustomizers = set[org.springframework.boot.test.autoconfigure.actuate.metrics.MetricsExportContextCustomizerFactory$DisableMetricExportContextCustomizer@1c7fd41f, org.springframework.boot.test.autoconfigure.properties.PropertyMappingContextCustomizer@0, org.springframework.boot.test.autoconfigure.web.servlet.WebDriverContextCustomizerFactory$Customizer@51cd7ffc, org.springframework.boot.test.context.filter.ExcludeFilterContextCustomizer@6f2cb653, org.springframework.boot.test.json.DuplicateJsonObjectContextCustomizerFactory$DuplicateJsonObjectContextCustomizer@75ed9710, org.springframework.boot.test.mock.mockito.MockitoContextCustomizer@0, org.springframework.boot.test.web.client.TestRestTemplateContextCustomizer@618c5d94, org.springframework.boot.test.context.SpringBootTestArgs@1, org.springframework.boot.test.context.SpringBootTestWebEnvironment@2e32ccc5], resourceBasePath = 'src/main/webapp', contextLoader = 'org.springframework.boot.test.context.SpringBootContextLoader', parent = [null]], attributes = map['org.springframework.test.context.web.ServletTestExecutionListener.activateListener' -> true]], class annotated with @DirtiesContext [false] with mode [null].

  .   ____          _            __ _ _
 /\\ / ___'_ __ _ _(_)_ __  __ _ \ \ \ \
( ( )\___ | '_ | '_| | '_ \/ _` | \ \ \ \
 \\/  ___)| |_)| | | | | || (_| |  ) ) ) )
  '  |____| .__|_| |_|_| |_\__, | / / / /
 =========|_|==============|___/=/_/_/_/
?[32m :: Spring Boot :: ?[39m              ?[2m (v2.7.5)?[0;39m

?[2m2022-10-24 18:58:47.555?[0;39m ?[32m INFO?[0;39m ?[35m15752?[0;39m ?[2m---?[0;39m ?[2m[    Test worker]?[0;39m ?[36mc.e.h.HometraingApplicationTests        ?[0;39m ?[2m:?[0;39m Starting HometraingApplicationTests using Java 11.0.16.1 on DESKTOP-UGECPMR with PID 15752 (started by dddd in C:\Users\dddd\Desktop\tess\HomeTraining)
?[2m2022-10-24 18:58:47.563?[0;39m ?[32m INFO?[0;39m ?[35m15752?[0;39m ?[2m---?[0;39m ?[2m[    Test worker]?[0;39m ?[36mc.e.h.HometraingApplicationTests        ?[0;39m ?[2m:?[0;39m No active profile set, falling back to 1 default profile: "default"
?[2m2022-10-24 18:58:51.940?[0;39m ?[32m INFO?[0;39m ?[35m15752?[0;39m ?[2m---?[0;39m ?[2m[    Test worker]?[0;39m ?[36m.s.d.r.c.RepositoryConfigurationDelegate?[0;39m ?[2m:?[0;39m Bootstrapping Spring Data JPA repositories in DEFAULT mode.
?[2m2022-10-24 18:58:52.235?[0;39m ?[32m INFO?[0;39m ?[35m15752?[0;39m ?[2m---?[0;39m ?[2m[    Test worker]?[0;39m ?[36m.s.d.r.c.RepositoryConfigurationDelegate?[0;39m ?[2m:?[0;39m Finished Spring Data repository scanning in 262 ms. Found 2 JPA repository interfaces.
?[2m2022-10-24 18:58:54.191?[0;39m ?[32m INFO?[0;39m ?[35m15752?[0;39m ?[2m---?[0;39m ?[2m[    Test worker]?[0;39m ?[36mtrationDelegate$BeanPostProcessorChecker?[0;39m ?[2m:?[0;39m Bean 'org.springframework.ws.config.annotation.DelegatingWsConfiguration' of type [org.springframework.ws.config.annotation.DelegatingWsConfiguration$$EnhancerBySpringCGLIB$$be77bf09] is not eligible for getting processed by all BeanPostProcessors (for example: not eligible for auto-proxying)
?[2m2022-10-24 18:58:54.407?[0;39m ?[32m INFO?[0;39m ?[35m15752?[0;39m ?[2m---?[0;39m ?[2m[    Test worker]?[0;39m ?[36m.w.s.a.s.AnnotationActionEndpointMapping?[0;39m ?[2m:?[0;39m Supporting [WS-Addressing August 2004, WS-Addressing 1.0]
?[2m2022-10-24 18:58:56.295?[0;39m ?[32m INFO?[0;39m ?[35m15752?[0;39m ?[2m---?[0;39m ?[2m[    Test worker]?[0;39m ?[36mo.hibernate.jpa.internal.util.LogHelper ?[0;39m ?[2m:?[0;39m HHH000204: Processing PersistenceUnitInfo [name: default]
?[2m2022-10-24 18:58:56.549?[0;39m ?[32m INFO?[0;39m ?[35m15752?[0;39m ?[2m---?[0;39m ?[2m[    Test worker]?[0;39m ?[36morg.hibernate.Version                   ?[0;39m ?[2m:?[0;39m HHH000412: Hibernate ORM core version 5.6.12.Final
?[2m2022-10-24 18:58:57.450?[0;39m ?[32m INFO?[0;39m ?[35m15752?[0;39m ?[2m---?[0;39m ?[2m[    Test worker]?[0;39m ?[36mo.hibernate.annotations.common.Version  ?[0;39m ?[2m:?[0;39m HCANN000001: Hibernate Commons Annotations {5.1.2.Final}
?[2m2022-10-24 18:58:57.834?[0;39m ?[32m INFO?[0;39m ?[35m15752?[0;39m ?[2m---?[0;39m ?[2m[    Test worker]?[0;39m ?[36mcom.zaxxer.hikari.HikariDataSource      ?[0;39m ?[2m:?[0;39m HikariPool-1 - Starting...
?[2m2022-10-24 18:58:58.399?[0;39m ?[32m INFO?[0;39m ?[35m15752?[0;39m ?[2m---?[0;39m ?[2m[    Test worker]?[0;39m ?[36mcom.zaxxer.hikari.HikariDataSource      ?[0;39m ?[2m:?[0;39m HikariPool-1 - Start completed.
?[2m2022-10-24 18:58:58.507?[0;39m ?[32m INFO?[0;39m ?[35m15752?[0;39m ?[2m---?[0;39m ?[2m[    Test worker]?[0;39m ?[36morg.hibernate.dialect.Dialect           ?[0;39m ?[2m:?[0;39m HHH000400: Using dialect: org.hibernate.dialect.MySQL8Dialect
?[2m2022-10-24 18:59:01.047?[0;39m ?[32m INFO?[0;39m ?[35m15752?[0;39m ?[2m---?[0;39m ?[2m[    Test worker]?[0;39m ?[36mo.h.e.t.j.p.i.JtaPlatformInitiator      ?[0;39m ?[2m:?[0;39m HHH000490: Using JtaPlatform implementation: [org.hibernate.engine.transaction.jta.platform.internal.NoJtaPlatform]
?[2m2022-10-24 18:59:01.073?[0;39m ?[32m INFO?[0;39m ?[35m15752?[0;39m ?[2m---?[0;39m ?[2m[    Test worker]?[0;39m ?[36mj.LocalContainerEntityManagerFactoryBean?[0;39m ?[2m:?[0;39m Initialized JPA EntityManagerFactory for persistence unit 'default'
?[2m2022-10-24 18:59:03.759?[0;39m ?[33m WARN?[0;39m ?[35m15752?[0;39m ?[2m---?[0;39m ?[2m[    Test worker]?[0;39m ?[36mJpaBaseConfiguration$JpaWebConfiguration?[0;39m ?[2m:?[0;39m spring.jpa.open-in-view is enabled by default. Therefore, database queries may be performed during view rendering. Explicitly configure spring.jpa.open-in-view to disable this warning
?[2m2022-10-24 18:59:05.995?[0;39m ?[32m INFO?[0;39m ?[35m15752?[0;39m ?[2m---?[0;39m ?[2m[    Test worker]?[0;39m ?[36mo.s.s.web.DefaultSecurityFilterChain    ?[0;39m ?[2m:?[0;39m Will secure any request with [org.springframework.security.web.session.DisableEncodeUrlFilter@5cc28282, org.springframework.security.web.context.request.async.WebAsyncManagerIntegrationFilter@5a0b925a, org.springframework.security.web.context.SecurityContextPersistenceFilter@17e31657, org.springframework.security.web.header.HeaderWriterFilter@472dc215, org.springframework.web.filter.CorsFilter@14b4f462, org.springframework.security.web.authentication.logout.LogoutFilter@59eb987a, com.example.hometraing.security.jwt.JwtFilter@42718ebf, org.springframework.security.web.savedrequest.RequestCacheAwareFilter@e74300b, org.springframework.security.web.servletapi.SecurityContextHolderAwareRequestFilter@1aade3c, org.springframework.security.web.authentication.AnonymousAuthenticationFilter@a6fc2e1, org.springframework.security.web.session.SessionManagementFilter@6c2063e0, org.springframework.security.web.access.ExceptionTranslationFilter@7ecf4608, org.springframework.security.web.access.intercept.FilterSecurityInterceptor@1ff65426]
?[2m2022-10-24 18:59:08.464?[0;39m ?[32m INFO?[0;39m ?[35m15752?[0;39m ?[2m---?[0;39m ?[2m[    Test worker]?[0;39m ?[36mc.e.h.HometraingApplicationTests        ?[0;39m ?[2m:?[0;39m Started HometraingApplicationTests in 22.005 seconds (JVM running for 27.705)
]]></system-out>
  <system-err><![CDATA[]]></system-err>
</testsuite>
